# JRE version: OpenJDK Runtime Environment (8.0_242) (build 1.8.0_242-release-1644-b3-6222593)
# Java VM: OpenJDK 64-Bit Server VM (25.242-b3-6222593 mixed mode linux-amd64 compressed oops)
Heap:
 PSYoungGen      total 190464K, used 15171K [0x00000000d5580000, 0x00000000e2400000, 0x0000000100000000)
  eden space 169472K, 0% used [0x00000000d5580000,0x00000000d5580000,0x00000000dfb00000)
  from space 20992K, 72% used [0x00000000dfb00000,0x00000000e09d0f00,0x00000000e0f80000)
  to   space 16384K, 0% used [0x00000000e1000000,0x00000000e1000000,0x00000000e2000000)
 ParOldGen       total 141312K, used 35345K [0x0000000080000000, 0x0000000088a00000, 0x00000000d5580000)
  object space 141312K, 25% used [0x0000000080000000,0x0000000082284608,0x0000000088a00000)
 Metaspace       used 61535K, capacity 64260K, committed 64424K, reserved 1103872K
  class space    used 8490K, capacity 9043K, committed 9136K, reserved 1048576K
GC Heap History (10 events):
Event: 6.945 GC heap after
Heap after GC invocations=9 (full 1):
 PSYoungGen      total 148480K, used 8239K [0x00000000d5580000, 0x00000000e2700000, 0x0000000100000000)
  eden space 135168K, 0% used [0x00000000d5580000,0x00000000d5580000,0x00000000dd980000)
  from space 13312K, 61% used [0x00000000de600000,0x00000000dee0bd30,0x00000000df300000)
  to   space 12800K, 0% used [0x00000000dd980000,0x00000000dd980000,0x00000000de600000)
 ParOldGen       total 67072K, used 11323K [0x0000000080000000, 0x0000000084180000, 0x00000000d5580000)
  object space 67072K, 16% used [0x0000000080000000,0x0000000080b0ec50,0x0000000084180000)
 Metaspace       used 34541K, capacity 35426K, committed 35496K, reserved 1079296K
  class space    used 4728K, capacity 4972K, committed 5040K, reserved 1048576K
}
Event: 6.945 GC heap before
{Heap before GC invocations=10 (full 2):
 PSYoungGen      total 148480K, used 8239K [0x00000000d5580000, 0x00000000e2700000, 0x0000000100000000)
  eden space 135168K, 0% used [0x00000000d5580000,0x00000000d5580000,0x00000000dd980000)
  from space 13312K, 61% used [0x00000000de600000,0x00000000dee0bd30,0x00000000df300000)
  to   space 12800K, 0% used [0x00000000dd980000,0x00000000dd980000,0x00000000de600000)
 ParOldGen       total 67072K, used 11323K [0x0000000080000000, 0x0000000084180000, 0x00000000d5580000)
  object space 67072K, 16% used [0x0000000080000000,0x0000000080b0ec50,0x0000000084180000)
 Metaspace       used 34541K, capacity 35426K, committed 35496K, reserved 1079296K
  class space    used 4728K, capacity 4972K, committed 5040K, reserved 1048576K
Event: 7.035 GC heap after
Heap after GC invocations=10 (full 2):
 PSYoungGen      total 148480K, used 0K [0x00000000d5580000, 0x00000000e2700000, 0x0000000100000000)
  eden space 135168K, 0% used [0x00000000d5580000,0x00000000d5580000,0x00000000dd980000)
  from space 13312K, 0% used [0x00000000de600000,0x00000000de600000,0x00000000df300000)
  to   space 12800K, 0% used [0x00000000dd980000,0x00000000dd980000,0x00000000de600000)
 ParOldGen       total 94720K, used 14909K [0x0000000080000000, 0x0000000085c80000, 0x00000000d5580000)
  object space 94720K, 15% used [0x0000000080000000,0x0000000080e8f498,0x0000000085c80000)
 Metaspace       used 34541K, capacity 35426K, committed 35496K, reserved 1079296K
  class space    used 4728K, capacity 4972K, committed 5040K, reserved 1048576K
}
Event: 9.765 GC heap before
{Heap before GC invocations=11 (full 2):
 PSYoungGen      total 148480K, used 135161K [0x00000000d5580000, 0x00000000e2700000, 0x0000000100000000)
  eden space 135168K, 99% used [0x00000000d5580000,0x00000000dd97e608,0x00000000dd980000)
  from space 13312K, 0% used [0x00000000de600000,0x00000000de600000,0x00000000df300000)
  to   space 12800K, 0% used [0x00000000dd980000,0x00000000dd980000,0x00000000de600000)
 ParOldGen       total 94720K, used 14909K [0x0000000080000000, 0x0000000085c80000, 0x00000000d5580000)
  object space 94720K, 15% used [0x0000000080000000,0x0000000080e8f498,0x0000000085c80000)
 Metaspace       used 46167K, capacity 47674K, committed 47912K, reserved 1091584K
  class space    used 6241K, capacity 6609K, committed 6704K, reserved 1048576K
Event: 9.851 GC heap after
Heap after GC invocations=11 (full 2):
 PSYoungGen      total 147968K, used 12793K [0x00000000d5580000, 0x00000000e2000000, 0x0000000100000000)
  eden space 135168K, 0% used [0x00000000d5580000,0x00000000d5580000,0x00000000dd980000)
  from space 12800K, 99% used [0x00000000dd980000,0x00000000de5fe468,0x00000000de600000)
  to   space 16384K, 0% used [0x00000000e1000000,0x00000000e1000000,0x00000000e2000000)
 ParOldGen       total 94720K, used 19168K [0x0000000080000000, 0x0000000085c80000, 0x00000000d5580000)
  object space 94720K, 20% used [0x0000000080000000,0x00000000812b8288,0x0000000085c80000)
 Metaspace       used 46167K, capacity 47674K, committed 47912K, reserved 1091584K
  class space    used 6241K, capacity 6609K, committed 6704K, reserved 1048576K
}
Event: 41.773 GC heap before
{Heap before GC invocations=12 (full 2):
 PSYoungGen      total 147968K, used 141780K [0x00000000d5580000, 0x00000000e2000000, 0x0000000100000000)
  eden space 135168K, 95% used [0x00000000d5580000,0x00000000dd376ca8,0x00000000dd980000)
  from space 12800K, 99% used [0x00000000dd980000,0x00000000de5fe468,0x00000000de600000)
  to   space 16384K, 0% used [0x00000000e1000000,0x00000000e1000000,0x00000000e2000000)
 ParOldGen       total 94720K, used 19168K [0x0000000080000000, 0x0000000085c80000, 0x00000000d5580000)
  object space 94720K, 20% used [0x0000000080000000,0x00000000812b8288,0x0000000085c80000)
 Metaspace       used 57107K, capacity 59038K, committed 59160K, reserved 1099776K
  class space    used 7839K, capacity 8282K, committed 8368K, reserved 1048576K
Event: 41.817 GC heap after
Heap after GC invocations=12 (full 2):
 PSYoungGen      total 185856K, used 16370K [0x00000000d5580000, 0x00000000e2400000, 0x0000000100000000)
  eden space 169472K, 0% used [0x00000000d5580000,0x00000000d5580000,0x00000000dfb00000)
  from space 16384K, 99% used [0x00000000e1000000,0x00000000e1ffcb88,0x00000000e2000000)
  to   space 20992K, 0% used [0x00000000dfb00000,0x00000000dfb00000,0x00000000e0f80000)
 ParOldGen       total 94720K, used 25648K [0x0000000080000000, 0x0000000085c80000, 0x00000000d5580000)
  object space 94720K, 27% used [0x0000000080000000,0x000000008190c298,0x0000000085c80000)
 Metaspace       used 57107K, capacity 59038K, committed 59160K, reserved 1099776K
  class space    used 7839K, capacity 8282K, committed 8368K, reserved 1048576K
}
Event: 41.817 GC heap before
{Heap before GC invocations=13 (full 3):
 PSYoungGen      total 185856K, used 16370K [0x00000000d5580000, 0x00000000e2400000, 0x0000000100000000)
  eden space 169472K, 0% used [0x00000000d5580000,0x00000000d5580000,0x00000000dfb00000)
  from space 16384K, 99% used [0x00000000e1000000,0x00000000e1ffcb88,0x00000000e2000000)
  to   space 20992K, 0% used [0x00000000dfb00000,0x00000000dfb00000,0x00000000e0f80000)
 ParOldGen       total 94720K, used 25648K [0x0000000080000000, 0x0000000085c80000, 0x00000000d5580000)
  object space 94720K, 27% used [0x0000000080000000,0x000000008190c298,0x0000000085c80000)
 Metaspace       used 57107K, capacity 59038K, committed 59160K, reserved 1099776K
  class space    used 7839K, capacity 8282K, committed 8368K, reserved 1048576K
Event: 42.142 GC heap after
Heap after GC invocations=13 (full 3):
 PSYoungGen      total 185856K, used 0K [0x00000000d5580000, 0x00000000e2400000, 0x0000000100000000)
  eden space 169472K, 0% used [0x00000000d5580000,0x00000000d5580000,0x00000000dfb00000)
  from space 16384K, 0% used [0x00000000e1000000,0x00000000e1000000,0x00000000e2000000)
  to   space 20992K, 0% used [0x00000000dfb00000,0x00000000dfb00000,0x00000000e0f80000)
 ParOldGen       total 141312K, used 35345K [0x0000000080000000, 0x0000000088a00000, 0x00000000d5580000)
  object space 141312K, 25% used [0x0000000080000000,0x0000000082284608,0x0000000088a00000)
 Metaspace       used 57105K, capacity 59032K, committed 59160K, reserved 1099776K
  class space    used 7838K, capacity 8281K, committed 8368K, reserved 1048576K
}
Event: 69.122 GC heap before
{Heap before GC invocations=14 (full 3):
 PSYoungGen      total 185856K, used 169472K [0x00000000d5580000, 0x00000000e2400000, 0x0000000100000000)
  eden space 169472K, 100% used [0x00000000d5580000,0x00000000dfb00000,0x00000000dfb00000)
  from space 16384K, 0% used [0x00000000e1000000,0x00000000e1000000,0x00000000e2000000)
  to   space 20992K, 0% used [0x00000000dfb00000,0x00000000dfb00000,0x00000000e0f80000)
 ParOldGen       total 141312K, used 35345K [0x0000000080000000, 0x0000000088a00000, 0x00000000d5580000)
  object space 141312K, 25% used [0x0000000080000000,0x0000000082284608,0x0000000088a00000)
 Metaspace       used 61535K, capacity 64260K, committed 64424K, reserved 1103872K
  class space    used 8490K, capacity 9043K, committed 9136K, reserved 1048576K

