# JRE version: OpenJDK Runtime Environment (8.0_242) (build 1.8.0_242-release-1644-b3-6222593)
# Java VM: OpenJDK 64-Bit Server VM (25.242-b3-6222593 mixed mode linux-amd64 compressed oops)
Heap:
 PSYoungGen      total 408576K, used 16257K [0x00000000d5580000, 0x00000000f0c00000, 0x0000000100000000)
  eden space 385024K, 0% used [0x00000000d5580000,0x00000000d5580000,0x00000000ecd80000)
  from space 23552K, 69% used [0x00000000ecd80000,0x00000000edd60478,0x00000000ee480000)
  to   space 15360K, 0% used [0x00000000ee480000,0x00000000ee480000,0x00000000ef380000)
 ParOldGen       total 74240K, used 29768K [0x0000000080000000, 0x0000000084880000, 0x00000000d5580000)
  object space 74240K, 40% used [0x0000000080000000,0x0000000081d12040,0x0000000084880000)
 Metaspace       used 57103K, capacity 59050K, committed 59160K, reserved 1099776K
  class space    used 7841K, capacity 8300K, committed 8368K, reserved 1048576K
GC Heap History (10 events):
Event: 3.088 GC heap after
Heap after GC invocations=6 (full 1):
 PSYoungGen      total 132096K, used 0K [0x00000000d5580000, 0x00000000e6780000, 0x0000000100000000)
  eden space 126976K, 0% used [0x00000000d5580000,0x00000000d5580000,0x00000000dd180000)
  from space 5120K, 0% used [0x00000000dd180000,0x00000000dd180000,0x00000000dd680000)
  to   space 13312K, 0% used [0x00000000e5a80000,0x00000000e5a80000,0x00000000e6780000)
 ParOldGen       total 52736K, used 6949K [0x0000000080000000, 0x0000000083380000, 0x00000000d5580000)
  object space 52736K, 13% used [0x0000000080000000,0x00000000806c9738,0x0000000083380000)
 Metaspace       used 20585K, capacity 21226K, committed 21296K, reserved 1067008K
  class space    used 2895K, capacity 3083K, committed 3120K, reserved 1048576K
}
Event: 4.797 GC heap before
{Heap before GC invocations=7 (full 1):
 PSYoungGen      total 132096K, used 126976K [0x00000000d5580000, 0x00000000e6780000, 0x0000000100000000)
  eden space 126976K, 100% used [0x00000000d5580000,0x00000000dd180000,0x00000000dd180000)
  from space 5120K, 0% used [0x00000000dd180000,0x00000000dd180000,0x00000000dd680000)
  to   space 13312K, 0% used [0x00000000e5a80000,0x00000000e5a80000,0x00000000e6780000)
 ParOldGen       total 52736K, used 6949K [0x0000000080000000, 0x0000000083380000, 0x00000000d5580000)
  object space 52736K, 13% used [0x0000000080000000,0x00000000806c9738,0x0000000083380000)
 Metaspace       used 32031K, capacity 32758K, committed 33072K, reserved 1077248K
  class space    used 4382K, capacity 4576K, committed 4656K, reserved 1048576K
Event: 4.846 GC heap after
Heap after GC invocations=7 (full 1):
 PSYoungGen      total 239616K, used 13105K [0x00000000d5580000, 0x00000000e6780000, 0x0000000100000000)
  eden space 226304K, 0% used [0x00000000d5580000,0x00000000d5580000,0x00000000e3280000)
  from space 13312K, 98% used [0x00000000e5a80000,0x00000000e674c508,0x00000000e6780000)
  to   space 15360K, 0% used [0x00000000e4980000,0x00000000e4980000,0x00000000e5880000)
 ParOldGen       total 52736K, used 6957K [0x0000000080000000, 0x0000000083380000, 0x00000000d5580000)
  object space 52736K, 13% used [0x0000000080000000,0x00000000806cb738,0x0000000083380000)
 Metaspace       used 32031K, capacity 32758K, committed 33072K, reserved 1077248K
  class space    used 4382K, capacity 4576K, committed 4656K, reserved 1048576K
}
Event: 5.724 GC heap before
{Heap before GC invocations=8 (full 1):
 PSYoungGen      total 239616K, used 73174K [0x00000000d5580000, 0x00000000e6780000, 0x0000000100000000)
  eden space 226304K, 26% used [0x00000000d5580000,0x00000000d90296b0,0x00000000e3280000)
  from space 13312K, 98% used [0x00000000e5a80000,0x00000000e674c508,0x00000000e6780000)
  to   space 15360K, 0% used [0x00000000e4980000,0x00000000e4980000,0x00000000e5880000)
 ParOldGen       total 52736K, used 6957K [0x0000000080000000, 0x0000000083380000, 0x00000000d5580000)
  object space 52736K, 13% used [0x0000000080000000,0x00000000806cb738,0x0000000083380000)
 Metaspace       used 34528K, capacity 35426K, committed 35496K, reserved 1079296K
  class space    used 4726K, capacity 4972K, committed 5040K, reserved 1048576K
Event: 5.737 GC heap after
Heap after GC invocations=8 (full 1):
 PSYoungGen      total 265216K, used 9618K [0x00000000d5580000, 0x00000000ef380000, 0x0000000100000000)
  eden space 249856K, 0% used [0x00000000d5580000,0x00000000d5580000,0x00000000e4980000)
  from space 15360K, 62% used [0x00000000e4980000,0x00000000e52e4aa0,0x00000000e5880000)
  to   space 15360K, 0% used [0x00000000ee480000,0x00000000ee480000,0x00000000ef380000)
 ParOldGen       total 52736K, used 6965K [0x0000000080000000, 0x0000000083380000, 0x00000000d5580000)
  object space 52736K, 13% used [0x0000000080000000,0x00000000806cd738,0x0000000083380000)
 Metaspace       used 34528K, capacity 35426K, committed 35496K, reserved 1079296K
  class space    used 4726K, capacity 4972K, committed 5040K, reserved 1048576K
}
Event: 5.737 GC heap before
{Heap before GC invocations=9 (full 2):
 PSYoungGen      total 265216K, used 9618K [0x00000000d5580000, 0x00000000ef380000, 0x0000000100000000)
  eden space 249856K, 0% used [0x00000000d5580000,0x00000000d5580000,0x00000000e4980000)
  from space 15360K, 62% used [0x00000000e4980000,0x00000000e52e4aa0,0x00000000e5880000)
  to   space 15360K, 0% used [0x00000000ee480000,0x00000000ee480000,0x00000000ef380000)
 ParOldGen       total 52736K, used 6965K [0x0000000080000000, 0x0000000083380000, 0x00000000d5580000)
  object space 52736K, 13% used [0x0000000080000000,0x00000000806cd738,0x0000000083380000)
 Metaspace       used 34528K, capacity 35426K, committed 35496K, reserved 1079296K
  class space    used 4726K, capacity 4972K, committed 5040K, reserved 1048576K
Event: 5.851 GC heap after
Heap after GC invocations=9 (full 2):
 PSYoungGen      total 265216K, used 0K [0x00000000d5580000, 0x00000000ef380000, 0x0000000100000000)
  eden space 249856K, 0% used [0x00000000d5580000,0x00000000d5580000,0x00000000e4980000)
  from space 15360K, 0% used [0x00000000e4980000,0x00000000e4980000,0x00000000e5880000)
  to   space 15360K, 0% used [0x00000000ee480000,0x00000000ee480000,0x00000000ef380000)
 ParOldGen       total 74240K, used 16044K [0x0000000080000000, 0x0000000084880000, 0x00000000d5580000)
  object space 74240K, 21% used [0x0000000080000000,0x0000000080fab290,0x0000000084880000)
 Metaspace       used 34528K, capacity 35426K, committed 35496K, reserved 1079296K
  class space    used 4726K, capacity 4972K, committed 5040K, reserved 1048576K
}
Event: 10.419 GC heap before
{Heap before GC invocations=10 (full 2):
 PSYoungGen      total 265216K, used 249856K [0x00000000d5580000, 0x00000000ef380000, 0x0000000100000000)
  eden space 249856K, 100% used [0x00000000d5580000,0x00000000e4980000,0x00000000e4980000)
  from space 15360K, 0% used [0x00000000e4980000,0x00000000e4980000,0x00000000e5880000)
  to   space 15360K, 0% used [0x00000000ee480000,0x00000000ee480000,0x00000000ef380000)
 ParOldGen       total 74240K, used 16044K [0x0000000080000000, 0x0000000084880000, 0x00000000d5580000)
  object space 74240K, 21% used [0x0000000080000000,0x0000000080fab290,0x0000000084880000)
 Metaspace       used 55710K, capacity 57672K, committed 57768K, reserved 1099776K
  class space    used 7632K, capacity 8109K, committed 8112K, reserved 1048576K
Event: 10.472 GC heap after
Heap after GC invocations=10 (full 2):
 PSYoungGen      total 400384K, used 15346K [0x00000000d5580000, 0x00000000f0c00000, 0x0000000100000000)
  eden space 385024K, 0% used [0x00000000d5580000,0x00000000d5580000,0x00000000ecd80000)
  from space 15360K, 99% used [0x00000000ee480000,0x00000000ef37c8a8,0x00000000ef380000)
  to   space 23552K, 0% used [0x00000000ecd80000,0x00000000ecd80000,0x00000000ee480000)
 ParOldGen       total 74240K, used 29760K [0x0000000080000000, 0x0000000084880000, 0x00000000d5580000)
  object space 74240K, 40% used [0x0000000080000000,0x0000000081d10040,0x0000000084880000)
 Metaspace       used 55710K, capacity 57672K, committed 57768K, reserved 1099776K
  class space    used 7632K, capacity 8109K, committed 8112K, reserved 1048576K
}
Event: 10.792 GC heap before
{Heap before GC invocations=11 (full 2):
 PSYoungGen      total 400384K, used 36367K [0x00000000d5580000, 0x00000000f0c00000, 0x0000000100000000)
  eden space 385024K, 5% used [0x00000000d5580000,0x00000000d6a074e8,0x00000000ecd80000)
  from space 15360K, 99% used [0x00000000ee480000,0x00000000ef37c8a8,0x00000000ef380000)
  to   space 23552K, 0% used [0x00000000ecd80000,0x00000000ecd80000,0x00000000ee480000)
 ParOldGen       total 74240K, used 29760K [0x0000000080000000, 0x0000000084880000, 0x00000000d5580000)
  object space 74240K, 40% used [0x0000000080000000,0x0000000081d10040,0x0000000084880000)
 Metaspace       used 57103K, capacity 59050K, committed 59160K, reserved 1099776K
  class space    used 7841K, capacity 8300K, committed 8368K, reserved 1048576K

