# JRE version: OpenJDK Runtime Environment (8.0_242) (build 1.8.0_242-release-1644-b3-6222593)
# Java VM: OpenJDK 64-Bit Server VM (25.242-b3-6222593 mixed mode linux-amd64 compressed oops)
Heap:
 PSYoungGen      total 392704K, used 30690K [0x00000000d5580000, 0x00000000f8d80000, 0x0000000100000000)
  eden space 361984K, 0% used [0x00000000d5580000,0x00000000d5580000,0x00000000eb700000)
  from space 30720K, 99% used [0x00000000f6f80000,0x00000000f8d78970,0x00000000f8d80000)
  to   space 23552K, 0% used [0x00000000eb700000,0x00000000eb700000,0x00000000ece00000)
 ParOldGen       total 105984K, used 105582K [0x0000000080000000, 0x0000000086780000, 0x00000000d5580000)
  object space 105984K, 99% used [0x0000000080000000,0x000000008671bbe8,0x0000000086780000)
 Metaspace       used 81328K, capacity 85012K, committed 85376K, reserved 1122304K
  class space    used 11041K, capacity 11777K, committed 11904K, reserved 1048576K
GC Heap History (10 events):
Event: 5.744 GC heap after
Heap after GC invocations=10 (full 2):
 PSYoungGen      total 254976K, used 0K [0x00000000d5580000, 0x00000000e5f00000, 0x0000000100000000)
  eden space 242176K, 0% used [0x00000000d5580000,0x00000000d5580000,0x00000000e4200000)
  from space 12800K, 0% used [0x00000000e5280000,0x00000000e5280000,0x00000000e5f00000)
  to   space 14848K, 0% used [0x00000000e4200000,0x00000000e4200000,0x00000000e5080000)
 ParOldGen       total 60416K, used 16188K [0x0000000080000000, 0x0000000083b00000, 0x00000000d5580000)
  object space 60416K, 26% used [0x0000000080000000,0x0000000080fcf260,0x0000000083b00000)
 Metaspace       used 34548K, capacity 35396K, committed 35456K, reserved 1079296K
  class space    used 4735K, capacity 4979K, committed 4992K, reserved 1048576K
}
Event: 10.153 GC heap before
{Heap before GC invocations=11 (full 2):
 PSYoungGen      total 254976K, used 242176K [0x00000000d5580000, 0x00000000e5f00000, 0x0000000100000000)
  eden space 242176K, 100% used [0x00000000d5580000,0x00000000e4200000,0x00000000e4200000)
  from space 12800K, 0% used [0x00000000e5280000,0x00000000e5280000,0x00000000e5f00000)
  to   space 14848K, 0% used [0x00000000e4200000,0x00000000e4200000,0x00000000e5080000)
 ParOldGen       total 60416K, used 16188K [0x0000000080000000, 0x0000000083b00000, 0x00000000d5580000)
  object space 60416K, 26% used [0x0000000080000000,0x0000000080fcf260,0x0000000083b00000)
 Metaspace       used 55209K, capacity 57166K, committed 57472K, reserved 1099776K
  class space    used 7531K, capacity 7966K, committed 8064K, reserved 1048576K
Event: 10.181 GC heap after
Heap after GC invocations=11 (full 2):
 PSYoungGen      total 257024K, used 14845K [0x00000000d5580000, 0x00000000ee480000, 0x0000000100000000)
  eden space 242176K, 0% used [0x00000000d5580000,0x00000000d5580000,0x00000000e4200000)
  from space 14848K, 99% used [0x00000000e4200000,0x00000000e507f560,0x00000000e5080000)
  to   space 22528K, 0% used [0x00000000ece80000,0x00000000ece80000,0x00000000ee480000)
 ParOldGen       total 60416K, used 29975K [0x0000000080000000, 0x0000000083b00000, 0x00000000d5580000)
  object space 60416K, 49% used [0x0000000080000000,0x0000000081d45ec0,0x0000000083b00000)
 Metaspace       used 55209K, capacity 57166K, committed 57472K, reserved 1099776K
  class space    used 7531K, capacity 7966K, committed 8064K, reserved 1048576K
}
Event: 10.738 GC heap before
{Heap before GC invocations=12 (full 2):
 PSYoungGen      total 257024K, used 42793K [0x00000000d5580000, 0x00000000ee480000, 0x0000000100000000)
  eden space 242176K, 11% used [0x00000000d5580000,0x00000000d70cafb0,0x00000000e4200000)
  from space 14848K, 99% used [0x00000000e4200000,0x00000000e507f560,0x00000000e5080000)
  to   space 22528K, 0% used [0x00000000ece80000,0x00000000ece80000,0x00000000ee480000)
 ParOldGen       total 60416K, used 29975K [0x0000000080000000, 0x0000000083b00000, 0x00000000d5580000)
  object space 60416K, 49% used [0x0000000080000000,0x0000000081d45ec0,0x0000000083b00000)
 Metaspace       used 57084K, capacity 59088K, committed 59096K, reserved 1099776K
  class space    used 7841K, capacity 8317K, committed 8320K, reserved 1048576K
Event: 10.783 GC heap after
Heap after GC invocations=12 (full 2):
 PSYoungGen      total 384512K, used 16549K [0x00000000d5580000, 0x00000000ee500000, 0x0000000100000000)
  eden space 361984K, 0% used [0x00000000d5580000,0x00000000d5580000,0x00000000eb700000)
  from space 22528K, 73% used [0x00000000ece80000,0x00000000edea94e8,0x00000000ee480000)
  to   space 23552K, 0% used [0x00000000eb700000,0x00000000eb700000,0x00000000ece00000)
 ParOldGen       total 60416K, used 29983K [0x0000000080000000, 0x0000000083b00000, 0x00000000d5580000)
  object space 60416K, 49% used [0x0000000080000000,0x0000000081d47ec0,0x0000000083b00000)
 Metaspace       used 57084K, capacity 59088K, committed 59096K, reserved 1099776K
  class space    used 7841K, capacity 8317K, committed 8320K, reserved 1048576K
}
Event: 10.783 GC heap before
{Heap before GC invocations=13 (full 3):
 PSYoungGen      total 384512K, used 16549K [0x00000000d5580000, 0x00000000ee500000, 0x0000000100000000)
  eden space 361984K, 0% used [0x00000000d5580000,0x00000000d5580000,0x00000000eb700000)
  from space 22528K, 73% used [0x00000000ece80000,0x00000000edea94e8,0x00000000ee480000)
  to   space 23552K, 0% used [0x00000000eb700000,0x00000000eb700000,0x00000000ece00000)
 ParOldGen       total 60416K, used 29983K [0x0000000080000000, 0x0000000083b00000, 0x00000000d5580000)
  object space 60416K, 49% used [0x0000000080000000,0x0000000081d47ec0,0x0000000083b00000)
 Metaspace       used 57084K, capacity 59088K, committed 59096K, reserved 1099776K
  class space    used 7841K, capacity 8317K, committed 8320K, reserved 1048576K
Event: 11.010 GC heap after
Heap after GC invocations=13 (full 3):
 PSYoungGen      total 384512K, used 0K [0x00000000d5580000, 0x00000000ee500000, 0x0000000100000000)
  eden space 361984K, 0% used [0x00000000d5580000,0x00000000d5580000,0x00000000eb700000)
  from space 22528K, 0% used [0x00000000ece80000,0x00000000ece80000,0x00000000ee480000)
  to   space 23552K, 0% used [0x00000000eb700000,0x00000000eb700000,0x00000000ece00000)
 ParOldGen       total 83456K, used 29444K [0x0000000080000000, 0x0000000085180000, 0x00000000d5580000)
  object space 83456K, 35% used [0x0000000080000000,0x0000000081cc1128,0x0000000085180000)
 Metaspace       used 57077K, capacity 59064K, committed 59096K, reserved 1099776K
  class space    used 7839K, capacity 8313K, committed 8320K, reserved 1048576K
}
Event: 18.156 GC heap before
{Heap before GC invocations=14 (full 3):
 PSYoungGen      total 384512K, used 361984K [0x00000000d5580000, 0x00000000ee500000, 0x0000000100000000)
  eden space 361984K, 100% used [0x00000000d5580000,0x00000000eb700000,0x00000000eb700000)
  from space 22528K, 0% used [0x00000000ece80000,0x00000000ece80000,0x00000000ee480000)
  to   space 23552K, 0% used [0x00000000eb700000,0x00000000eb700000,0x00000000ece00000)
 ParOldGen       total 83456K, used 29444K [0x0000000080000000, 0x0000000085180000, 0x00000000d5580000)
  object space 83456K, 35% used [0x0000000080000000,0x0000000081cc1128,0x0000000085180000)
 Metaspace       used 71454K, capacity 74432K, committed 74624K, reserved 1114112K
  class space    used 9707K, capacity 10357K, committed 10368K, reserved 1048576K
Event: 18.291 GC heap after
Heap after GC invocations=14 (full 3):
 PSYoungGen      total 385536K, used 23539K [0x00000000d5580000, 0x00000000f8d80000, 0x0000000100000000)
  eden space 361984K, 0% used [0x00000000d5580000,0x00000000d5580000,0x00000000eb700000)
  from space 23552K, 99% used [0x00000000eb700000,0x00000000ecdfccf0,0x00000000ece00000)
  to   space 30720K, 0% used [0x00000000f6f80000,0x00000000f6f80000,0x00000000f8d80000)
 ParOldGen       total 83456K, used 38864K [0x0000000080000000, 0x0000000085180000, 0x00000000d5580000)
  object space 83456K, 46% used [0x0000000080000000,0x00000000825f4060,0x0000000085180000)
 Metaspace       used 71454K, capacity 74432K, committed 74624K, reserved 1114112K
  class space    used 9707K, capacity 10357K, committed 10368K, reserved 1048576K
}
Event: 23.094 GC heap before
{Heap before GC invocations=15 (full 3):
 PSYoungGen      total 385536K, used 385523K [0x00000000d5580000, 0x00000000f8d80000, 0x0000000100000000)
  eden space 361984K, 100% used [0x00000000d5580000,0x00000000eb700000,0x00000000eb700000)
  from space 23552K, 99% used [0x00000000eb700000,0x00000000ecdfccf0,0x00000000ece00000)
  to   space 30720K, 0% used [0x00000000f6f80000,0x00000000f6f80000,0x00000000f8d80000)
 ParOldGen       total 83456K, used 38864K [0x0000000080000000, 0x0000000085180000, 0x00000000d5580000)
  object space 83456K, 46% used [0x0000000080000000,0x00000000825f4060,0x0000000085180000)
 Metaspace       used 81328K, capacity 85012K, committed 85376K, reserved 1122304K
  class space    used 11041K, capacity 11777K, committed 11904K, reserved 1048576K

